<?xml version="1.0" encoding="UTF-8"?>
<!-- Generated by org.testng.reporters.JUnitXMLReporter -->
<testsuite ignored="0" hostname="Isaac" failures="0" tests="3" name="E2ETests" time="37.126" errors="0" timestamp="2025-05-17T06:33:17 CDT">
  <testcase classname="Tests.EndToEndTests" name="submitOrder" time="5.925"/>
  <testcase classname="Tests.EndToEndTests" name="submitOrder" time="5.553"/>
  <testcase classname="Tests.EndToEndTests" name="submitOrder" time="5.476"/>
</testsuite> <!-- E2ETests -->
