<?xml version="1.0" encoding="UTF-8"?>
<!-- Generated by org.testng.reporters.JUnitXMLReporter -->
<testsuite ignored="0" hostname="Isaac" failures="0" tests="3" name="E2ETests" time="51.265" errors="0" timestamp="2025-05-17T19:14:27 CDT">
  <testcase classname="Tests.EndToEndTests" name="submitOrder" time="5.781"/>
  <testcase classname="Tests.EndToEndTests" name="submitOrder" time="5.142"/>
  <testcase classname="Tests.EndToEndTests" name="submitOrder" time="5.121"/>
</testsuite> <!-- E2ETests -->
