<?xml version="1.0" encoding="UTF-8"?>
<testng-results ignored="0" total="2" passed="2" failed="0" skipped="0">
  <reporter-output>
  </reporter-output>
  <suite started-at="2025-05-17T19:39:39 CDT" name="Default suite" finished-at="2025-05-17T19:39:50 CDT" duration-ms="10661">
    <groups>
      <group name="cucumber">
        <method signature="AbstractTestNGCucumberTests.runScenario(io.cucumber.testng.PickleWrapper,io.cucumber.testng.FeatureWrapper)[pri:0, instance:Cucumber.TestNGRunner@2de23121]" name="runScenario" class="io.cucumber.testng.AbstractTestNGCucumberTests"/>
      </group> <!-- cucumber -->
    </groups>
    <test started-at="2025-05-17T19:39:39 CDT" name="Default test" finished-at="2025-05-17T19:39:50 CDT" duration-ms="10661">
      <class name="Cucumber.TestNGRunner">
        <test-method is-config="true" signature="setUpClass(org.testng.ITestContext)[pri:0, instance:Cucumber.TestNGRunner@2de23121]" started-at="2025-05-17T19:39:39 CDT" name="setUpClass" finished-at="2025-05-17T19:39:40 CDT" duration-ms="325" status="PASS">
          <params>
            <param index="0">
              <value>
                <![CDATA[org.testng.TestRunner@7c847072]]>
              </value>
            </param>
          </params>
          <reporter-output>
          </reporter-output>
        </test-method> <!-- setUpClass -->
        <test-method signature="runScenario(io.cucumber.testng.PickleWrapper,io.cucumber.testng.FeatureWrapper)[pri:0, instance:Cucumber.TestNGRunner@2de23121]" started-at="2025-05-17T19:39:40 CDT" name="runScenario" description="Runs Cucumber Scenarios" data-provider="scenarios" finished-at="2025-05-17T19:39:45 CDT" duration-ms="5466" status="PASS">
          <params>
            <param index="0">
              <value>
                <![CDATA["Invalid Login"]]>
              </value>
            </param>
            <param index="1">
              <value>
                <![CDATA["Login functionality"]]>
              </value>
            </param>
          </params>
          <reporter-output>
          </reporter-output>
        </test-method> <!-- runScenario -->
        <test-method signature="runScenario(io.cucumber.testng.PickleWrapper,io.cucumber.testng.FeatureWrapper)[pri:0, instance:Cucumber.TestNGRunner@2de23121]" started-at="2025-05-17T19:39:45 CDT" name="runScenario" description="Runs Cucumber Scenarios" data-provider="scenarios" finished-at="2025-05-17T19:39:50 CDT" duration-ms="4830" status="PASS">
          <params>
            <param index="0">
              <value>
                <![CDATA["Invalid Login"]]>
              </value>
            </param>
            <param index="1">
              <value>
                <![CDATA["Login functionality"]]>
              </value>
            </param>
          </params>
          <reporter-output>
          </reporter-output>
        </test-method> <!-- runScenario -->
        <test-method is-config="true" signature="tearDownClass()[pri:0, instance:Cucumber.TestNGRunner@2de23121]" started-at="2025-05-17T19:39:50 CDT" name="tearDownClass" finished-at="2025-05-17T19:39:50 CDT" duration-ms="12" status="PASS">
          <reporter-output>
          </reporter-output>
        </test-method> <!-- tearDownClass -->
      </class> <!-- Cucumber.TestNGRunner -->
    </test> <!-- Default test -->
  </suite> <!-- Default suite -->
</testng-results>
